0 info it worked if it ends with ok
1 verbose cli [
1 verbose cli   'C:\\Program Files\\nodejs\\node.exe',
1 verbose cli   'C:\\Program Files\\nodejs\\node_modules\\npm\\bin\\npm-cli.js',
1 verbose cli   'install',
1 verbose cli   'react-navigation-elements'
1 verbose cli ]
2 info using npm@6.10.3
3 info using node@v12.10.0
4 verbose npm-session b1c3b7ebd29699bb
5 silly install loadCurrentTree
6 silly install readLocalPackageData
7 http fetch GET 404 https://registry.npmjs.org/react-navigation-elements 589ms
8 http fetch GET 404 https://registry.npmjs.org/react-navigation-elements 377ms
9 silly fetchPackageMetaData error for react-navigation-elements@latest 404 Not Found - GET https://registry.npmjs.org/react-navigation-elements - Not found
10 timing stage:rollbackFailedOptional Completed in 2ms
11 timing stage:runTopLevelLifecycles Completed in 2499ms
12 verbose stack Error: 404 Not Found - GET https://registry.npmjs.org/react-navigation-elements - Not found
12 verbose stack     at C:\Program Files\nodejs\node_modules\npm\node_modules\npm-registry-fetch\check-response.js:104:15
12 verbose stack     at processTicksAndRejections (internal/process/task_queues.js:93:5)
13 verbose statusCode 404
14 verbose pkgid react-navigation-elements@latest
15 verbose cwd C:\Users\alex\Desktop\Patel_Practice\SignIn
16 verbose Windows_NT 6.1.7601
17 verbose argv "C:\\Program Files\\nodejs\\node.exe" "C:\\Program Files\\nodejs\\node_modules\\npm\\bin\\npm-cli.js" "install" "react-navigation-elements"
18 verbose node v12.10.0
19 verbose npm  v6.10.3
20 error code E404
21 error 404 Not Found - GET https://registry.npmjs.org/react-navigation-elements - Not found
22 error 404
23 error 404 'react-navigation-elements@latest' is not in the npm registry.
24 error 404 You should bug the author to publish it (or use the name yourself!)
25 error 404 Note that you can also install from a
26 error 404 tarball, folder, http url, or git url.
27 verbose exit [ 1, true ]
